<?xml version="1.0" encoding="UTF-8"?>
<testsuite name="MerchantGalaxyTest" tests="9" skipped="0" failures="0" errors="0" timestamp="2019-08-16T06:48:05" hostname="RENTLAPT0060" time="0.108">
  <properties/>
  <testcase name="checkAliasToNumberConversion()" classname="MerchantGalaxyTest" time="0.034"/>
  <testcase name="checkIfRomanNumberValid()" classname="MerchantGalaxyTest" time="0.006"/>
  <testcase name="findHowManyCredits()" classname="MerchantGalaxyTest" time="0.019"/>
  <testcase name="setStatement()" classname="MerchantGalaxyTest" time="0.002"/>
  <testcase name="generateRomanString()" classname="MerchantGalaxyTest" time="0.002"/>
  <testcase name="findValueOfMetals()" classname="MerchantGalaxyTest" time="0.007"/>
  <testcase name="setAlias()" classname="MerchantGalaxyTest" time="0.001"/>
  <testcase name="getValueOfRomanNumberString()" classname="MerchantGalaxyTest" time="0.012"/>
  <testcase name="findHowMuchValue()" classname="MerchantGalaxyTest" time="0.002"/>
  <system-out><![CDATA[]]></system-out>
  <system-err><![CDATA[]]></system-err>
</testsuite>
