<?xml version="1.0" encoding="UTF-8"?>
<testsuite name="MerchantGalaxyTest" tests="9" skipped="0" failures="0" errors="0" timestamp="2019-08-13T14:12:04" hostname="RENTLAPT0060" time="0.213">
  <properties/>
  <testcase name="checkAliasToNumberConversion()" classname="MerchantGalaxyTest" time="0.081"/>
  <testcase name="checkIfRomanNumberValid()" classname="MerchantGalaxyTest" time="0.005"/>
  <testcase name="findHowManyCredits()" classname="MerchantGalaxyTest" time="0.02"/>
  <testcase name="setStatement()" classname="MerchantGalaxyTest" time="0.064"/>
  <testcase name="generateRomanString()" classname="MerchantGalaxyTest" time="0.003"/>
  <testcase name="findValueOfMetals()" classname="MerchantGalaxyTest" time="0.011"/>
  <testcase name="setAlias()" classname="MerchantGalaxyTest" time="0.002"/>
  <testcase name="getValueOfRomanNumberString()" classname="MerchantGalaxyTest" time="0.002"/>
  <testcase name="findHowMuchValue()" classname="MerchantGalaxyTest" time="0.003"/>
  <system-out><![CDATA[]]></system-out>
  <system-err><![CDATA[]]></system-err>
</testsuite>
